1717898053117	geckodriver	INFO	Listening on 127.0.0.1:56519
1717898053365	mozrunner::runner	INFO	Running command: MOZ_CRASHREPORTER="1" MOZ_CRASHREPORTER_NO_REPORT="1" MOZ_CRASHREPORTER_SHUTDOWN="1" MOZ_NO_REMOTE="1" "/App ... s" "localhost" "-foreground" "-no-remote" "-profile" "/var/folders/3d/455lhm0d5c11ldvj7pr4mp1h0000gn/T/rust_mozprofilevKhwH2"
console.warn: services.settings: Ignoring preference override of remote settings server
console.warn: services.settings: Allow by setting MOZ_REMOTE_SETTINGS_DEVTOOLS=1 in the environment
1717898054393	Marionette	INFO	Marionette enabled
console.error: "Warning: unrecognized command line flag" "-start-maximized"
1717898055060	Marionette	INFO	Listening on port 56530
WebDriver BiDi listening on ws://127.0.0.1:56520
Read port: 56530
1717898055374	RemoteAgent	WARN	TLS certificate errors will be ignored for this session
DevTools listening on ws://127.0.0.1:56520/devtools/browser/100b8f6d-db3a-4796-a510-f8ccfc477cee
console.error: (new TypeError("linkMap is undefined", "resource://gre/modules/NewTabUtils.sys.mjs", 2003))
JavaScript warning: https://challenges.cloudflare.com/cdn-cgi/challenge-platform/h/g/orchestrate/chl_api/v1?ray=890d7e3a592e9524, line 1: WEBGL_debug_renderer_info is deprecated in Firefox and will be removed. Please use RENDERER.
1717898086117	addons.xpi	ERROR	System addon update list error SyntaxError: XMLHttpRequest.open: 'http://%(server)s/dummy-system-addons.xml' is not a valid URL.
JavaScript error: https://c03.s3.indeed.com/passport/static/compiled/35f211b5b61f918e5431/js/auth-page.js, line 29: Error: 
JavaScript warning: https://www.ipqscdn.com/api/indeed.com/Cj3vYxb1VZH2JWf0tcSCvYQYYDpTUVzrhnbokrjKBwfU27WZkOPIVPU4jKvusri0MQWIKEwDWZtsinjFTdO0Hhh1FHSreV5Jnpzkwv0GNqfA8rAuB5X5R1ybqqrbmKoEYLRUWRekgbYgshv7NvtZLyFKku08TbCeYn13r0sbLioZLjLXNYo6nLRp4SOYCPIMH3dJdLHQ8z7FZL15cTmK2tI1bGbWR16xbdY6W0LwxLmfkf4StKb1qrCavtM4u500/learn.js line 1 > eval line 1 > eval, line 1: WEBGL_debug_renderer_info is deprecated in Firefox and will be removed. Please use RENDERER.
1717898214436	geckodriver	INFO	Listening on 127.0.0.1:56600
1717898214941	mozrunner::runner	INFO	Running command: MOZ_CRASHREPORTER="1" MOZ_CRASHREPORTER_NO_REPORT="1" MOZ_CRASHREPORTER_SHUTDOWN="1" MOZ_NO_REMOTE="1" "/App ... s" "localhost" "-foreground" "-no-remote" "-profile" "/var/folders/3d/455lhm0d5c11ldvj7pr4mp1h0000gn/T/rust_mozprofileqrtPx1"
console.warn: services.settings: Ignoring preference override of remote settings server
console.warn: services.settings: Allow by setting MOZ_REMOTE_SETTINGS_DEVTOOLS=1 in the environment
1717898215500	Marionette	INFO	Marionette enabled
console.error: "Warning: unrecognized command line flag" "-start-maximized"
1717898216067	Marionette	INFO	Listening on port 56606
WebDriver BiDi listening on ws://127.0.0.1:56601
Read port: 56606
1717898216829	RemoteAgent	WARN	TLS certificate errors will be ignored for this session
DevTools listening on ws://127.0.0.1:56601/devtools/browser/21b706c6-a0d1-44fd-8fce-bc928ed0f244
JavaScript warning: https://www.ipqscdn.com/api/indeed.com/Cj3vYxb1VZH2JWf0tcSCvYQYYDpTUVzrhnbokrjKBwfU27WZkOPIVPU4jKvusri0MQWIKEwDWZtsinjFTdO0Hhh1FHSreV5Jnpzkwv0GNqfA8rAuB5X5R1ybqqrbmKoEYLRUWRekgbYgshv7NvtZLyFKku08TbCeYn13r0sbLioZLjLXNYo6nLRp4SOYCPIMH3dJdLHQ8z7FZL15cTmK2tI1bGbWR16xbdY6W0LwxLmfkf4StKb1qrCavtM4u500/learn.js line 1 > eval line 1 > eval, line 1: WEBGL_debug_renderer_info is deprecated in Firefox and will be removed. Please use RENDERER.
JavaScript error: https://c03.s3.indeed.com/passport/static/compiled/35f211b5b61f918e5431/js/auth-page.js, line 29: Error: 
1717898245650	addons.xpi	ERROR	System addon update list error SyntaxError: XMLHttpRequest.open: 'http://%(server)s/dummy-system-addons.xml' is not a valid URL.
JavaScript warning: https://challenges.cloudflare.com/cdn-cgi/challenge-platform/h/g/orchestrate/chl_api/v1?ray=890d82cc8aad56a6, line 1: WEBGL_debug_renderer_info is deprecated in Firefox and will be removed. Please use RENDERER.
JavaScript warning: https://challenges.cloudflare.com/cdn-cgi/challenge-platform/h/g/orchestrate/chl_api/v1?ray=890d831a9a4956a6, line 1: WEBGL_debug_renderer_info is deprecated in Firefox and will be removed. Please use RENDERER.
Exiting due to channel error.
Exiting due to channel error.
Exiting due to channel error.
Exiting due to channel error.
Exiting due to channel error.
Exiting due to channel error.
JavaScript error: resource:///modules/sessionstore/SessionStore.sys.mjs, line 3773: TypeError: this._windows[aWindow.__SSi] is undefined
1718025795784	addons.xpi	ERROR	System addon update list error SyntaxError: XMLHttpRequest.open: 'http://%(server)s/dummy-system-addons.xml' is not a valid URL.
1718122870444	addons.xpi	ERROR	System addon update list error SyntaxError: XMLHttpRequest.open: 'http://%(server)s/dummy-system-addons.xml' is not a valid URL.
